# JRE version: OpenJDK Runtime Environment (20.0.2+9) (build 20.0.2+9-78)
# Java VM: OpenJDK 64-Bit Server VM (20.0.2+9-78, mixed mode, sharing, tiered, compressed oops, compressed class ptrs, g1 gc, windows-amd64)
GC Precious Log:
 CardTable entry size: 512
 Card Set container configuration: InlinePtr #cards 5 size 8 Array Of Cards #cards 12 size 40 Howl #buckets 4 coarsen threshold 1843 Howl Bitmap #cards 512 size 80 coarsen threshold 460 Card regions per heap region 1 cards per card region 2048
 CPUs: 8 total, 8 available
 Memory: 4039M
 Large Page Support: Disabled
 NUMA Support: Disabled
 Compressed Oops: Enabled (32-bit)
 Heap Region Size: 1M
 Heap Min Capacity: 8M
 Heap Initial Capacity: 64M
 Heap Max Capacity: 1010M
 Pre-touch: Disabled
 Parallel Workers: 8
 Concurrent Workers: 2
 Concurrent Refinement Workers: 8
 Periodic GC: Disabled
Heap:
 garbage-first heap   total 187392K, used 75776K [0x00000000c0e00000, 0x0000000100000000)
  region size 1024K, 16 young (16384K), 3 survivors (3072K)
 Metaspace       used 69509K, committed 70272K, reserved 1114112K
  class space    used 9346K, committed 9664K, reserved 1048576K
GC Heap History (20 events):
Event: 10.563 GC heap before
{Heap before GC invocations=15 (full 0):
 garbage-first heap   total 58368K, used 49935K [0x00000000c0e00000, 0x0000000100000000)
  region size 1024K, 28 young (28672K), 2 survivors (2048K)
 Metaspace       used 62584K, committed 63232K, reserved 1114112K
  class space    used 8507K, committed 8768K, reserved 1048576K
}
Event: 10.567 GC heap after
{Heap after GC invocations=16 (full 0):
 garbage-first heap   total 58368K, used 26718K [0x00000000c0e00000, 0x0000000100000000)
  region size 1024K, 4 young (4096K), 4 survivors (4096K)
 Metaspace       used 62584K, committed 63232K, reserved 1114112K
  class space    used 8507K, committed 8768K, reserved 1048576K
}
Event: 10.764 GC heap before
{Heap before GC invocations=16 (full 0):
 garbage-first heap   total 58368K, used 49246K [0x00000000c0e00000, 0x0000000100000000)
  region size 1024K, 26 young (26624K), 4 survivors (4096K)
 Metaspace       used 62815K, committed 63424K, reserved 1114112K
  class space    used 8507K, committed 8768K, reserved 1048576K
}
Event: 10.768 GC heap after
{Heap after GC invocations=17 (full 0):
 garbage-first heap   total 58368K, used 27286K [0x00000000c0e00000, 0x0000000100000000)
  region size 1024K, 2 young (2048K), 2 survivors (2048K)
 Metaspace       used 62815K, committed 63424K, reserved 1114112K
  class space    used 8507K, committed 8768K, reserved 1048576K
}
Event: 11.218 GC heap before
{Heap before GC invocations=17 (full 0):
 garbage-first heap   total 58368K, used 50838K [0x00000000c0e00000, 0x0000000100000000)
  region size 1024K, 25 young (25600K), 2 survivors (2048K)
 Metaspace       used 66828K, committed 67456K, reserved 1114112K
  class space    used 9063K, committed 9344K, reserved 1048576K
}
Event: 11.221 GC heap after
{Heap after GC invocations=18 (full 0):
 garbage-first heap   total 58368K, used 28808K [0x00000000c0e00000, 0x0000000100000000)
  region size 1024K, 3 young (3072K), 3 survivors (3072K)
 Metaspace       used 66828K, committed 67456K, reserved 1114112K
  class space    used 9063K, committed 9344K, reserved 1048576K
}
Event: 11.499 GC heap before
{Heap before GC invocations=19 (full 0):
 garbage-first heap   total 58368K, used 50312K [0x00000000c0e00000, 0x0000000100000000)
  region size 1024K, 24 young (24576K), 3 survivors (3072K)
 Metaspace       used 68498K, committed 69184K, reserved 1114112K
  class space    used 9247K, committed 9536K, reserved 1048576K
}
Event: 11.504 GC heap after
{Heap after GC invocations=20 (full 0):
 garbage-first heap   total 58368K, used 33423K [0x00000000c0e00000, 0x0000000100000000)
  region size 1024K, 3 young (3072K), 3 survivors (3072K)
 Metaspace       used 68498K, committed 69184K, reserved 1114112K
  class space    used 9247K, committed 9536K, reserved 1048576K
}
Event: 11.573 GC heap before
{Heap before GC invocations=20 (full 0):
 garbage-first heap   total 58368K, used 49807K [0x00000000c0e00000, 0x0000000100000000)
  region size 1024K, 20 young (20480K), 3 survivors (3072K)
 Metaspace       used 68556K, committed 69248K, reserved 1114112K
  class space    used 9249K, committed 9536K, reserved 1048576K
}
Event: 11.580 GC heap after
{Heap after GC invocations=21 (full 0):
 garbage-first heap   total 71680K, used 36605K [0x00000000c0e00000, 0x0000000100000000)
  region size 1024K, 3 young (3072K), 3 survivors (3072K)
 Metaspace       used 68556K, committed 69248K, reserved 1114112K
  class space    used 9249K, committed 9536K, reserved 1048576K
}
Event: 11.637 GC heap before
{Heap before GC invocations=21 (full 0):
 garbage-first heap   total 71680K, used 43773K [0x00000000c0e00000, 0x0000000100000000)
  region size 1024K, 11 young (11264K), 3 survivors (3072K)
 Metaspace       used 68679K, committed 69312K, reserved 1114112K
  class space    used 9260K, committed 9536K, reserved 1048576K
}
Event: 11.642 GC heap after
{Heap after GC invocations=22 (full 0):
 garbage-first heap   total 71680K, used 39771K [0x00000000c0e00000, 0x0000000100000000)
  region size 1024K, 3 young (3072K), 3 survivors (3072K)
 Metaspace       used 68679K, committed 69312K, reserved 1114112K
  class space    used 9260K, committed 9536K, reserved 1048576K
}
Event: 11.698 GC heap before
{Heap before GC invocations=22 (full 0):
 garbage-first heap   total 97280K, used 57179K [0x00000000c0e00000, 0x0000000100000000)
  region size 1024K, 20 young (20480K), 3 survivors (3072K)
 Metaspace       used 68720K, committed 69440K, reserved 1114112K
  class space    used 9260K, committed 9536K, reserved 1048576K
}
Event: 11.703 GC heap after
{Heap after GC invocations=23 (full 0):
 garbage-first heap   total 97280K, used 43901K [0x00000000c0e00000, 0x0000000100000000)
  region size 1024K, 3 young (3072K), 3 survivors (3072K)
 Metaspace       used 68720K, committed 69440K, reserved 1114112K
  class space    used 9260K, committed 9536K, reserved 1048576K
}
Event: 11.798 GC heap before
{Heap before GC invocations=24 (full 0):
 garbage-first heap   total 97280K, used 75645K [0x00000000c0e00000, 0x0000000100000000)
  region size 1024K, 34 young (34816K), 3 survivors (3072K)
 Metaspace       used 68775K, committed 69504K, reserved 1114112K
  class space    used 9265K, committed 9600K, reserved 1048576K
}
Event: 11.807 GC heap after
{Heap after GC invocations=25 (full 0):
 garbage-first heap   total 97280K, used 52116K [0x00000000c0e00000, 0x0000000100000000)
  region size 1024K, 5 young (5120K), 5 survivors (5120K)
 Metaspace       used 68775K, committed 69504K, reserved 1114112K
  class space    used 9265K, committed 9600K, reserved 1048576K
}
Event: 11.887 GC heap before
{Heap before GC invocations=25 (full 0):
 garbage-first heap   total 97280K, used 78740K [0x00000000c0e00000, 0x0000000100000000)
  region size 1024K, 30 young (30720K), 5 survivors (5120K)
 Metaspace       used 68835K, committed 69568K, reserved 1114112K
  class space    used 9265K, committed 9600K, reserved 1048576K
}
Event: 11.896 GC heap after
{Heap after GC invocations=26 (full 0):
 garbage-first heap   total 97280K, used 60149K [0x00000000c0e00000, 0x0000000100000000)
  region size 1024K, 4 young (4096K), 4 survivors (4096K)
 Metaspace       used 68835K, committed 69568K, reserved 1114112K
  class space    used 9265K, committed 9600K, reserved 1048576K
}
Event: 11.943 GC heap before
{Heap before GC invocations=26 (full 0):
 garbage-first heap   total 97280K, used 79605K [0x00000000c0e00000, 0x0000000100000000)
  region size 1024K, 24 young (24576K), 4 survivors (4096K)
 Metaspace       used 68860K, committed 69568K, reserved 1114112K
  class space    used 9265K, committed 9600K, reserved 1048576K
}
Event: 11.949 GC heap after
{Heap after GC invocations=27 (full 0):
 garbage-first heap   total 187392K, used 63488K [0x00000000c0e00000, 0x0000000100000000)
  region size 1024K, 3 young (3072K), 3 survivors (3072K)
 Metaspace       used 68860K, committed 69568K, reserved 1114112K
  class space    used 9265K, committed 9600K, reserved 1048576K
}

